<?xml version="1.0" encoding="UTF-8"?>
<testng-results skipped="0" failed="2" total="5" passed="3">
  <reporter-output>
  </reporter-output>
  <suite name="Default suite" duration-ms="69505" started-at="2017-09-05T13:49:38Z" finished-at="2017-09-05T13:50:48Z">
    <groups>
    </groups>
    <test name="Default test" duration-ms="69505" started-at="2017-09-05T13:49:38Z" finished-at="2017-09-05T13:50:48Z">
      <class name="framework.PageObjectModel">
        <test-method status="PASS" signature="beforeMethod()[pri:0, instance:framework.PageObjectModel@6e1ec318]" name="beforeMethod" is-config="true" duration-ms="10976" started-at="2017-09-05T19:19:27Z" finished-at="2017-09-05T19:19:38Z">
          <reporter-output>
          </reporter-output>
        </test-method> <!-- beforeMethod -->
        <test-method status="PASS" signature="loginTest()[pri:0, instance:framework.PageObjectModel@6e1ec318]" name="loginTest" duration-ms="38870" started-at="2017-09-05T19:19:38Z" finished-at="2017-09-05T19:20:17Z">
          <reporter-output>
          </reporter-output>
        </test-method> <!-- loginTest -->
        <test-method status="PASS" signature="myAccountTest()[pri:0, instance:framework.PageObjectModel@6e1ec318]" name="myAccountTest" duration-ms="5833" started-at="2017-09-05T19:20:17Z" finished-at="2017-09-05T19:20:23Z">
          <reporter-output>
          </reporter-output>
        </test-method> <!-- myAccountTest -->
        <test-method status="FAIL" signature="savedAddressTest()[pri:0, instance:framework.PageObjectModel@6e1ec318]" name="savedAddressTest" duration-ms="11868" started-at="2017-09-05T19:20:23Z" finished-at="2017-09-05T19:20:35Z">
          <exception class="org.openqa.selenium.StaleElementReferenceException">
            <message>
              <![CDATA[Element not found in the cache - perhaps the page has changed since it was looked up
Command duration or timeout: 365 milliseconds]]>
            </message>
            <full-stacktrace>
              <![CDATA[org.openqa.selenium.StaleElementReferenceException: Element not found in the cache - perhaps the page has changed since it was looked up
Command duration or timeout: 365 milliseconds
	at sun.reflect.NativeConstructorAccessorImpl.newInstance0(Native Method)
	at sun.reflect.NativeConstructorAccessorImpl.newInstance(NativeConstructorAccessorImpl.java:62)
	at sun.reflect.DelegatingConstructorAccessorImpl.newInstance(DelegatingConstructorAccessorImpl.java:45)
	at java.lang.reflect.Constructor.newInstance(Constructor.java:423)
	at org.openqa.selenium.remote.ErrorHandler.createThrowable(ErrorHandler.java:215)
	at org.openqa.selenium.remote.ErrorHandler.throwIfResponseFailed(ErrorHandler.java:167)
	at org.openqa.selenium.remote.RemoteWebDriver.execute(RemoteWebDriver.java:671)
	at org.openqa.selenium.remote.RemoteWebElement.execute(RemoteWebElement.java:272)
	at org.openqa.selenium.remote.RemoteWebElement.getAttribute(RemoteWebElement.java:124)
	at screenModule.SavedAddressScreen.addNewAddress(SavedAddressScreen.java:121)
	at screenModule.SavedAddressScreen.execute(SavedAddressScreen.java:39)
	at framework.PageObjectModel.savedAddressTest(PageObjectModel.java:60)
	at sun.reflect.NativeMethodAccessorImpl.invoke0(Native Method)
	at sun.reflect.NativeMethodAccessorImpl.invoke(NativeMethodAccessorImpl.java:62)
	at sun.reflect.DelegatingMethodAccessorImpl.invoke(DelegatingMethodAccessorImpl.java:43)
	at java.lang.reflect.Method.invoke(Method.java:498)
	at org.testng.internal.MethodInvocationHelper.invokeMethod(MethodInvocationHelper.java:80)
	at org.testng.internal.Invoker.invokeMethod(Invoker.java:714)
	at org.testng.internal.Invoker.invokeTestMethod(Invoker.java:901)
	at org.testng.internal.Invoker.invokeTestMethods(Invoker.java:1231)
	at org.testng.internal.TestMethodWorker.invokeTestMethods(TestMethodWorker.java:127)
	at org.testng.internal.TestMethodWorker.run(TestMethodWorker.java:111)
	at org.testng.TestRunner.privateRun(TestRunner.java:767)
	at org.testng.TestRunner.run(TestRunner.java:617)
	at org.testng.SuiteRunner.runTest(SuiteRunner.java:334)
	at org.testng.SuiteRunner.runSequentially(SuiteRunner.java:329)
	at org.testng.SuiteRunner.privateRun(SuiteRunner.java:291)
	at org.testng.SuiteRunner.run(SuiteRunner.java:240)
	at org.testng.SuiteRunnerWorker.runSuite(SuiteRunnerWorker.java:52)
	at org.testng.SuiteRunnerWorker.run(SuiteRunnerWorker.java:86)
	at org.testng.TestNG.runSuitesSequentially(TestNG.java:1198)
	at org.testng.TestNG.runSuitesLocally(TestNG.java:1123)
	at org.testng.TestNG.run(TestNG.java:1031)
	at org.testng.remote.AbstractRemoteTestNG.run(AbstractRemoteTestNG.java:132)
	at org.testng.remote.RemoteTestNG.initAndRun(RemoteTestNG.java:236)
	at org.testng.remote.RemoteTestNG.main(RemoteTestNG.java:81)
Caused by: org.openqa.selenium.StaleElementReferenceException: Element not found in the cache - perhaps the page has changed since it was looked up
For documentation on this error, please visit: http://seleniumhq.org/exceptions/stale_element_reference.html
Build info: version: 'unknown', revision: 'unknown', time: 'unknown'
System info: host: 'voler-Lenovo-E41-80', ip: '127.0.1.1', os.name: 'Linux', os.arch: 'amd64', os.version: '4.4.0-93-generic', java.version: '1.8.0_131'
Driver info: driver.version: unknown
	at <anonymous class>.fxdriver.cache.getElementAt(resource://fxdriver/modules/web-element-cache.js:9525)
	at <anonymous class>.Utils.getElementAt(file:///tmp/anonymous427759206936759694webdriver-profile/extensions/fxdriver@googlecode.com/components/command-processor.js:10408)
	at <anonymous class>.WebElement.getElementAttribute(file:///tmp/anonymous427759206936759694webdriver-profile/extensions/fxdriver@googlecode.com/components/command-processor.js:12707)
	at <anonymous class>.k(file:///tmp/anonymous427759206936759694webdriver-profile/extensions/fxdriver@googlecode.com/components/command-processor.js:12879)
	at <anonymous class>.DelayedCommand.prototype.executeInternal_(file:///tmp/anonymous427759206936759694webdriver-profile/extensions/fxdriver@googlecode.com/components/command-processor.js:12884)
	at <anonymous class>.DelayedCommand.prototype.execute/<(file:///tmp/anonymous427759206936759694webdriver-profile/extensions/fxdriver@googlecode.com/components/command-processor.js:12826)
]]>
            </full-stacktrace>
          </exception> <!-- org.openqa.selenium.StaleElementReferenceException -->
          <reporter-output>
          </reporter-output>
        </test-method> <!-- savedAddressTest -->
        <test-method status="FAIL" signature="updateAddressTest()[pri:0, instance:framework.PageObjectModel@6e1ec318]" name="updateAddressTest" duration-ms="3434" started-at="2017-09-05T19:20:35Z" finished-at="2017-09-05T19:20:38Z">
          <exception class="org.openqa.selenium.WebDriverException">
            <message>
              <![CDATA[Element <button class="myaccount-form-btn" type="button" id="myacc-updateAddr-btn"></button> is not clickable at point (413.9666748046875, 616). Other element would receive the click: <div class="myaccount-page-loader" style="display: block; opacity: 0.18993;"></div>
Command duration or timeout: 64 milliseconds
Build info: version: 'unknown', revision: 'unknown', time: 'unknown'
System info: host: 'voler-Lenovo-E41-80', ip: '127.0.1.1', os.name: 'Linux', os.arch: 'amd64', os.version: '4.4.0-93-generic', java.version: '1.8.0_131'
Driver info: org.openqa.selenium.firefox.FirefoxDriver
Capabilities [{applicationCacheEnabled=true, rotatable=false, handlesAlerts=true, databaseEnabled=true, version=55.0.2, platform=LINUX, nativeEvents=false, acceptSslCerts=true, webStorageEnabled=true, locationContextEnabled=true, browserName=firefox, takesScreenshot=true, javascriptEnabled=true, cssSelectorsEnabled=true}]
Session ID: 66320255-226a-4f4b-8b27-512dabba673a]]>
            </message>
            <full-stacktrace>
              <![CDATA[org.openqa.selenium.WebDriverException: Element <button class="myaccount-form-btn" type="button" id="myacc-updateAddr-btn"></button> is not clickable at point (413.9666748046875, 616). Other element would receive the click: <div class="myaccount-page-loader" style="display: block; opacity: 0.18993;"></div>
Command duration or timeout: 64 milliseconds
Build info: version: 'unknown', revision: 'unknown', time: 'unknown'
System info: host: 'voler-Lenovo-E41-80', ip: '127.0.1.1', os.name: 'Linux', os.arch: 'amd64', os.version: '4.4.0-93-generic', java.version: '1.8.0_131'
Driver info: org.openqa.selenium.firefox.FirefoxDriver
Capabilities [{applicationCacheEnabled=true, rotatable=false, handlesAlerts=true, databaseEnabled=true, version=55.0.2, platform=LINUX, nativeEvents=false, acceptSslCerts=true, webStorageEnabled=true, locationContextEnabled=true, browserName=firefox, takesScreenshot=true, javascriptEnabled=true, cssSelectorsEnabled=true}]
Session ID: 66320255-226a-4f4b-8b27-512dabba673a
	at sun.reflect.NativeConstructorAccessorImpl.newInstance0(Native Method)
	at sun.reflect.NativeConstructorAccessorImpl.newInstance(NativeConstructorAccessorImpl.java:62)
	at sun.reflect.DelegatingConstructorAccessorImpl.newInstance(DelegatingConstructorAccessorImpl.java:45)
	at java.lang.reflect.Constructor.newInstance(Constructor.java:423)
	at org.openqa.selenium.remote.ErrorHandler.createThrowable(ErrorHandler.java:215)
	at org.openqa.selenium.remote.ErrorHandler.throwIfResponseFailed(ErrorHandler.java:167)
	at org.openqa.selenium.remote.RemoteWebDriver.execute(RemoteWebDriver.java:671)
	at org.openqa.selenium.remote.RemoteWebElement.execute(RemoteWebElement.java:272)
	at org.openqa.selenium.remote.RemoteWebElement.click(RemoteWebElement.java:82)
	at screenModule.SavedAddressScreen.addNewAddress(SavedAddressScreen.java:163)
	at screenModule.SavedAddressScreen.update(SavedAddressScreen.java:47)
	at framework.PageObjectModel.updateAddressTest(PageObjectModel.java:73)
	at sun.reflect.NativeMethodAccessorImpl.invoke0(Native Method)
	at sun.reflect.NativeMethodAccessorImpl.invoke(NativeMethodAccessorImpl.java:62)
	at sun.reflect.DelegatingMethodAccessorImpl.invoke(DelegatingMethodAccessorImpl.java:43)
	at java.lang.reflect.Method.invoke(Method.java:498)
	at org.testng.internal.MethodInvocationHelper.invokeMethod(MethodInvocationHelper.java:80)
	at org.testng.internal.Invoker.invokeMethod(Invoker.java:714)
	at org.testng.internal.Invoker.invokeTestMethod(Invoker.java:901)
	at org.testng.internal.Invoker.invokeTestMethods(Invoker.java:1231)
	at org.testng.internal.TestMethodWorker.invokeTestMethods(TestMethodWorker.java:127)
	at org.testng.internal.TestMethodWorker.run(TestMethodWorker.java:111)
	at org.testng.TestRunner.privateRun(TestRunner.java:767)
	at org.testng.TestRunner.run(TestRunner.java:617)
	at org.testng.SuiteRunner.runTest(SuiteRunner.java:334)
	at org.testng.SuiteRunner.runSequentially(SuiteRunner.java:329)
	at org.testng.SuiteRunner.privateRun(SuiteRunner.java:291)
	at org.testng.SuiteRunner.run(SuiteRunner.java:240)
	at org.testng.SuiteRunnerWorker.runSuite(SuiteRunnerWorker.java:52)
	at org.testng.SuiteRunnerWorker.run(SuiteRunnerWorker.java:86)
	at org.testng.TestNG.runSuitesSequentially(TestNG.java:1198)
	at org.testng.TestNG.runSuitesLocally(TestNG.java:1123)
	at org.testng.TestNG.run(TestNG.java:1031)
	at org.testng.remote.AbstractRemoteTestNG.run(AbstractRemoteTestNG.java:132)
	at org.testng.remote.RemoteTestNG.initAndRun(RemoteTestNG.java:236)
	at org.testng.remote.RemoteTestNG.main(RemoteTestNG.java:81)
]]>
            </full-stacktrace>
          </exception> <!-- org.openqa.selenium.WebDriverException -->
          <reporter-output>
          </reporter-output>
        </test-method> <!-- updateAddressTest -->
        <test-method status="PASS" signature="deleteAddressTest()[pri:0, instance:framework.PageObjectModel@6e1ec318]" name="deleteAddressTest" duration-ms="9469" started-at="2017-09-05T19:20:38Z" finished-at="2017-09-05T19:20:48Z">
          <reporter-output>
          </reporter-output>
        </test-method> <!-- deleteAddressTest -->
        <test-method status="PASS" signature="afterMethod()[pri:0, instance:framework.PageObjectModel@6e1ec318]" name="afterMethod" is-config="true" duration-ms="82" started-at="2017-09-05T19:20:48Z" finished-at="2017-09-05T19:20:48Z">
          <reporter-output>
          </reporter-output>
        </test-method> <!-- afterMethod -->
      </class> <!-- framework.PageObjectModel -->
    </test> <!-- Default test -->
  </suite> <!-- Default suite -->
</testng-results>
