<?xml version="1.0" encoding="UTF-8"?>
<!-- Generated by org.testng.reporters.JUnitReportReporter -->
<testsuite hostname="voler-Lenovo-E41-80" name="framework.PageObjectModel" tests="5" failures="2" timestamp="5 Sep 2017 13:50:48 GMT" time="69.474" errors="0">
  <testcase name="updateAddressTest" time="3.434" classname="framework.PageObjectModel">
    <failure type="org.openqa.selenium.WebDriverException" message="Element &lt;button class=&quot;myaccount-form-btn&quot; type=&quot;button&quot; id=&quot;myacc-updateAddr-btn&quot;&gt;&lt;/button&gt; is not clickable at point (413.9666748046875, 616). Other element would receive the click: &lt;div class=&quot;myaccount-page-loader&quot; style=&quot;display: block; opacity: 0.18993;&quot;&gt;&lt;/div&gt;
Command duration or timeout: 64 milliseconds
Build info: version: &#039;unknown&#039;, revision: &#039;unknown&#039;, time: &#039;unknown&#039;
System info: host: &#039;voler-Lenovo-E41-80&#039;, ip: &#039;127.0.1.1&#039;, os.name: &#039;Linux&#039;, os.arch: &#039;amd64&#039;, os.version: &#039;4.4.0-93-generic&#039;, java.version: &#039;1.8.0_131&#039;
Driver info: org.openqa.selenium.firefox.FirefoxDriver
Capabilities [{applicationCacheEnabled=true, rotatable=false, handlesAlerts=true, databaseEnabled=true, version=55.0.2, platform=LINUX, nativeEvents=false, acceptSslCerts=true, webStorageEnabled=true, locationContextEnabled=true, browserName=firefox, takesScreenshot=true, javascriptEnabled=true, cssSelectorsEnabled=true}]
Session ID: 66320255-226a-4f4b-8b27-512dabba673a">
      <![CDATA[org.openqa.selenium.WebDriverException: Element <button class="myaccount-form-btn" type="button" id="myacc-updateAddr-btn"></button> is not clickable at point (413.9666748046875, 616). Other element would receive the click: <div class="myaccount-page-loader" style="display: block; opacity: 0.18993;"></div>
Command duration or timeout: 64 milliseconds
Build info: version: 'unknown', revision: 'unknown', time: 'unknown'
System info: host: 'voler-Lenovo-E41-80', ip: '127.0.1.1', os.name: 'Linux', os.arch: 'amd64', os.version: '4.4.0-93-generic', java.version: '1.8.0_131'
Driver info: org.openqa.selenium.firefox.FirefoxDriver
Capabilities [{applicationCacheEnabled=true, rotatable=false, handlesAlerts=true, databaseEnabled=true, version=55.0.2, platform=LINUX, nativeEvents=false, acceptSslCerts=true, webStorageEnabled=true, locationContextEnabled=true, browserName=firefox, takesScreenshot=true, javascriptEnabled=true, cssSelectorsEnabled=true}]
Session ID: 66320255-226a-4f4b-8b27-512dabba673a
	at sun.reflect.NativeConstructorAccessorImpl.newInstance0(Native Method)
	at sun.reflect.NativeConstructorAccessorImpl.newInstance(NativeConstructorAccessorImpl.java:62)
	at sun.reflect.DelegatingConstructorAccessorImpl.newInstance(DelegatingConstructorAccessorImpl.java:45)
	at java.lang.reflect.Constructor.newInstance(Constructor.java:423)
	at org.openqa.selenium.remote.ErrorHandler.createThrowable(ErrorHandler.java:215)
	at org.openqa.selenium.remote.ErrorHandler.throwIfResponseFailed(ErrorHandler.java:167)
	at org.openqa.selenium.remote.RemoteWebDriver.execute(RemoteWebDriver.java:671)
	at org.openqa.selenium.remote.RemoteWebElement.execute(RemoteWebElement.java:272)
	at org.openqa.selenium.remote.RemoteWebElement.click(RemoteWebElement.java:82)
	at screenModule.SavedAddressScreen.addNewAddress(SavedAddressScreen.java:163)
	at screenModule.SavedAddressScreen.update(SavedAddressScreen.java:47)
	at framework.PageObjectModel.updateAddressTest(PageObjectModel.java:73)
	at sun.reflect.NativeMethodAccessorImpl.invoke0(Native Method)
	at sun.reflect.NativeMethodAccessorImpl.invoke(NativeMethodAccessorImpl.java:62)
	at sun.reflect.DelegatingMethodAccessorImpl.invoke(DelegatingMethodAccessorImpl.java:43)
	at java.lang.reflect.Method.invoke(Method.java:498)
	at org.testng.internal.MethodInvocationHelper.invokeMethod(MethodInvocationHelper.java:80)
	at org.testng.internal.Invoker.invokeMethod(Invoker.java:714)
	at org.testng.internal.Invoker.invokeTestMethod(Invoker.java:901)
	at org.testng.internal.Invoker.invokeTestMethods(Invoker.java:1231)
	at org.testng.internal.TestMethodWorker.invokeTestMethods(TestMethodWorker.java:127)
	at org.testng.internal.TestMethodWorker.run(TestMethodWorker.java:111)
	at org.testng.TestRunner.privateRun(TestRunner.java:767)
	at org.testng.TestRunner.run(TestRunner.java:617)
	at org.testng.SuiteRunner.runTest(SuiteRunner.java:334)
	at org.testng.SuiteRunner.runSequentially(SuiteRunner.java:329)
	at org.testng.SuiteRunner.privateRun(SuiteRunner.java:291)
	at org.testng.SuiteRunner.run(SuiteRunner.java:240)
	at org.testng.SuiteRunnerWorker.runSuite(SuiteRunnerWorker.java:52)
	at org.testng.SuiteRunnerWorker.run(SuiteRunnerWorker.java:86)
	at org.testng.TestNG.runSuitesSequentially(TestNG.java:1198)
	at org.testng.TestNG.runSuitesLocally(TestNG.java:1123)
	at org.testng.TestNG.run(TestNG.java:1031)
	at org.testng.remote.AbstractRemoteTestNG.run(AbstractRemoteTestNG.java:132)
	at org.testng.remote.RemoteTestNG.initAndRun(RemoteTestNG.java:236)
	at org.testng.remote.RemoteTestNG.main(RemoteTestNG.java:81)
]]>
    </failure>
  </testcase> <!-- updateAddressTest -->
  <testcase name="myAccountTest" time="5.833" classname="framework.PageObjectModel"/>
  <testcase name="savedAddressTest" time="11.868" classname="framework.PageObjectModel">
    <failure type="org.openqa.selenium.StaleElementReferenceException" message="Element not found in the cache - perhaps the page has changed since it was looked up
Command duration or timeout: 365 milliseconds">
      <![CDATA[org.openqa.selenium.StaleElementReferenceException: Element not found in the cache - perhaps the page has changed since it was looked up
Command duration or timeout: 365 milliseconds
	at sun.reflect.NativeConstructorAccessorImpl.newInstance0(Native Method)
	at sun.reflect.NativeConstructorAccessorImpl.newInstance(NativeConstructorAccessorImpl.java:62)
	at sun.reflect.DelegatingConstructorAccessorImpl.newInstance(DelegatingConstructorAccessorImpl.java:45)
	at java.lang.reflect.Constructor.newInstance(Constructor.java:423)
	at org.openqa.selenium.remote.ErrorHandler.createThrowable(ErrorHandler.java:215)
	at org.openqa.selenium.remote.ErrorHandler.throwIfResponseFailed(ErrorHandler.java:167)
	at org.openqa.selenium.remote.RemoteWebDriver.execute(RemoteWebDriver.java:671)
	at org.openqa.selenium.remote.RemoteWebElement.execute(RemoteWebElement.java:272)
	at org.openqa.selenium.remote.RemoteWebElement.getAttribute(RemoteWebElement.java:124)
	at screenModule.SavedAddressScreen.addNewAddress(SavedAddressScreen.java:121)
	at screenModule.SavedAddressScreen.execute(SavedAddressScreen.java:39)
	at framework.PageObjectModel.savedAddressTest(PageObjectModel.java:60)
	at sun.reflect.NativeMethodAccessorImpl.invoke0(Native Method)
	at sun.reflect.NativeMethodAccessorImpl.invoke(NativeMethodAccessorImpl.java:62)
	at sun.reflect.DelegatingMethodAccessorImpl.invoke(DelegatingMethodAccessorImpl.java:43)
	at java.lang.reflect.Method.invoke(Method.java:498)
	at org.testng.internal.MethodInvocationHelper.invokeMethod(MethodInvocationHelper.java:80)
	at org.testng.internal.Invoker.invokeMethod(Invoker.java:714)
	at org.testng.internal.Invoker.invokeTestMethod(Invoker.java:901)
	at org.testng.internal.Invoker.invokeTestMethods(Invoker.java:1231)
	at org.testng.internal.TestMethodWorker.invokeTestMethods(TestMethodWorker.java:127)
	at org.testng.internal.TestMethodWorker.run(TestMethodWorker.java:111)
	at org.testng.TestRunner.privateRun(TestRunner.java:767)
	at org.testng.TestRunner.run(TestRunner.java:617)
	at org.testng.SuiteRunner.runTest(SuiteRunner.java:334)
	at org.testng.SuiteRunner.runSequentially(SuiteRunner.java:329)
	at org.testng.SuiteRunner.privateRun(SuiteRunner.java:291)
	at org.testng.SuiteRunner.run(SuiteRunner.java:240)
	at org.testng.SuiteRunnerWorker.runSuite(SuiteRunnerWorker.java:52)
	at org.testng.SuiteRunnerWorker.run(SuiteRunnerWorker.java:86)
	at org.testng.TestNG.runSuitesSequentially(TestNG.java:1198)
	at org.testng.TestNG.runSuitesLocally(TestNG.java:1123)
	at org.testng.TestNG.run(TestNG.java:1031)
	at org.testng.remote.AbstractRemoteTestNG.run(AbstractRemoteTestNG.java:132)
	at org.testng.remote.RemoteTestNG.initAndRun(RemoteTestNG.java:236)
	at org.testng.remote.RemoteTestNG.main(RemoteTestNG.java:81)
Caused by: org.openqa.selenium.StaleElementReferenceException: Element not found in the cache - perhaps the page has changed since it was looked up
For documentation on this error, please visit: http://seleniumhq.org/exceptions/stale_element_reference.html
Build info: version: 'unknown', revision: 'unknown', time: 'unknown'
System info: host: 'voler-Lenovo-E41-80', ip: '127.0.1.1', os.name: 'Linux', os.arch: 'amd64', os.version: '4.4.0-93-generic', java.version: '1.8.0_131'
Driver info: driver.version: unknown
	at <anonymous class>.fxdriver.cache.getElementAt(resource://fxdriver/modules/web-element-cache.js:9525)
	at <anonymous class>.Utils.getElementAt(file:///tmp/anonymous427759206936759694webdriver-profile/extensions/fxdriver@googlecode.com/components/command-processor.js:10408)
	at <anonymous class>.WebElement.getElementAttribute(file:///tmp/anonymous427759206936759694webdriver-profile/extensions/fxdriver@googlecode.com/components/command-processor.js:12707)
	at <anonymous class>.k(file:///tmp/anonymous427759206936759694webdriver-profile/extensions/fxdriver@googlecode.com/components/command-processor.js:12879)
	at <anonymous class>.DelayedCommand.prototype.executeInternal_(file:///tmp/anonymous427759206936759694webdriver-profile/extensions/fxdriver@googlecode.com/components/command-processor.js:12884)
	at <anonymous class>.DelayedCommand.prototype.execute/<(file:///tmp/anonymous427759206936759694webdriver-profile/extensions/fxdriver@googlecode.com/components/command-processor.js:12826)
]]>
    </failure>
  </testcase> <!-- savedAddressTest -->
  <testcase name="loginTest" time="38.870" classname="framework.PageObjectModel"/>
  <testcase name="deleteAddressTest" time="9.469" classname="framework.PageObjectModel"/>
</testsuite> <!-- framework.PageObjectModel -->
